<?xml version="1.0" encoding="UTF-8"?>
<testng-results skipped="0" failed="1" ignored="0" total="1" passed="0">
  <reporter-output>
  </reporter-output>
  <suite name="Suite" duration-ms="1172" started-at="2022-11-22T09:01:28Z" finished-at="2022-11-22T09:01:29Z">
    <groups>
      <group name="cucumber">
        <method signature="AbstractTestNGCucumberTests.runScenario(io.cucumber.testng.PickleEventWrapper, io.cucumber.testng.CucumberFeatureWrapper)[pri:0, instance:org.testrunner.TestRunnerFaceBook@69ea3742]" name="runScenario" class="io.cucumber.testng.AbstractTestNGCucumberTests"/>
      </group> <!-- cucumber -->
    </groups>
    <test name="Test" duration-ms="1172" started-at="2022-11-22T09:01:28Z" finished-at="2022-11-22T09:01:29Z">
      <class name="org.testrunner.TestRunnerFaceBook">
        <test-method status="PASS" signature="setUpClass()[pri:0, instance:org.testrunner.TestRunnerFaceBook@69ea3742]" name="setUpClass" is-config="true" duration-ms="312" started-at="2022-11-22T09:01:28Z" finished-at="2022-11-22T09:01:28Z">
          <reporter-output>
          </reporter-output>
        </test-method> <!-- setUpClass -->
        <test-method status="FAIL" signature="runScenario(io.cucumber.testng.PickleEventWrapper, io.cucumber.testng.CucumberFeatureWrapper)[pri:0, instance:org.testrunner.TestRunnerFaceBook@69ea3742]" name="runScenario" duration-ms="625" started-at="2022-11-22T09:01:28Z" description="Runs Cucumber Scenarios" data-provider="scenarios" finished-at="2022-11-22T09:01:29Z">
          <params>
            <param index="0">
              <value>
                <![CDATA["Invalid login-To validate the login with invalid credentials"]]>
              </value>
            </param>
            <param index="1">
              <value>
                <![CDATA["To validate the login functionality of facebook application"]]>
              </value>
            </param>
          </params>
          <exception class="java.lang.NullPointerException">
            <full-stacktrace>
              <![CDATA[java.lang.NullPointerException
at org.openqa.selenium.support.pagefactory.DefaultElementLocator.findElement(DefaultElementLocator.java:69)
at org.openqa.selenium.support.pagefactory.internal.LocatingElementHandler.invoke(LocatingElementHandler.java:38)
at com.sun.proxy.$Proxy17.sendKeys(Unknown Source)
at org.base.BaseClass.sendkeys(BaseClass.java:71)
at org.stepdefinition.StepDefinitionCucumberTestng.the_user_has_enter_the_and(StepDefinitionCucumberTestng.java:23)
at ✽.The user has enter the "mani" and "maddy"(file:src/test/resources/Features/cucumbertestng.feature:10)
]]>
            </full-stacktrace>
          </exception> <!-- java.lang.NullPointerException -->
          <reporter-output>
          </reporter-output>
        </test-method> <!-- runScenario -->
        <test-method status="PASS" signature="tearDownClass()[pri:0, instance:org.testrunner.TestRunnerFaceBook@69ea3742]" name="tearDownClass" is-config="true" duration-ms="15" started-at="2022-11-22T09:01:29Z" finished-at="2022-11-22T09:01:29Z">
          <reporter-output>
          </reporter-output>
        </test-method> <!-- tearDownClass -->
      </class> <!-- org.testrunner.TestRunnerFaceBook -->
    </test> <!-- Test -->
  </suite> <!-- Suite -->
</testng-results>
