<?xml version="1.0" encoding="UTF-8"?>
<!-- Generated by org.testng.reporters.JUnitReportReporter -->
<testsuite skipped="0" hostname="DESKTOP-418NQCC" name="org.testrunner.TestRunnerFaceBook" tests="1" failures="0" timestamp="22 Nov 2022 09:01:30 GMT" time="0.625" errors="1">
  <testcase name="runScenario" time="0.625" classname="org.testrunner.TestRunnerFaceBook">
    <error type="java.lang.NullPointerException">
      <![CDATA[java.lang.NullPointerException
at org.openqa.selenium.support.pagefactory.DefaultElementLocator.findElement(DefaultElementLocator.java:69)
at org.openqa.selenium.support.pagefactory.internal.LocatingElementHandler.invoke(LocatingElementHandler.java:38)
at com.sun.proxy.$Proxy17.sendKeys(Unknown Source)
at org.base.BaseClass.sendkeys(BaseClass.java:71)
at org.stepdefinition.StepDefinitionCucumberTestng.the_user_has_enter_the_and(StepDefinitionCucumberTestng.java:23)
at ✽.The user has enter the "mani" and "maddy"(file:src/test/resources/Features/cucumbertestng.feature:10)
]]>
    </error>
  </testcase> <!-- runScenario -->
</testsuite> <!-- org.testrunner.TestRunnerFaceBook -->
